Start testing: Jun 28 16:10 AUS Eastern Standard Time
----------------------------------------------------------
1/43 Testing: PackageIntegrationTest.FullLifecycle
1/43 Test: PackageIntegrationTest.FullLifecycle
Command: "C:/Users/ewen/Documents/GitHub/Air-Gapped Update Distribution System/build/airgapctl_test.exe" "--gtest_filter=PackageIntegrationTest.FullLifecycle" "--gtest_also_run_disabled_tests"
Directory: C:/Users/ewen/Documents/GitHub/Air-Gapped Update Distribution System/build
"PackageIntegrationTest.FullLifecycle" start time: Jun 28 16:10 AUS Eastern Standard Time
Output:
----------------------------------------------------------
Running main() from C:/M/B/src/googletest-1.17.0/googletest/src/gtest_main.cc
Note: Google Test filter = PackageIntegrationTest.FullLifecycle
[==========] Running 1 test from 1 test suite.
[----------] Global test environment set-up.
[----------] 1 test from PackageIntegrationTest
[ RUN      ] PackageIntegrationTest.FullLifecycle
[32mGenerated key pair:[0m
  Private: [36mC:\Users\ewen\AppData\Local\Temp\airgapctl_pkg_test\release.key[0m
  Public:  [36mC:\Users\ewen\AppData\Local\Temp\airgapctl_pkg_test\release.key.pub[0m
[32mPackage created:[0m [1mC:\Users\ewen\AppData\Local\Temp\airgapctl_pkg_test\test-pkg-1.0.0.agpkg[0m
  Package:      [1mtest-pkg 1.0.0[0m
  Payload hash: [33msha256:0985d6170589fbcedf1646ef2c8a3d5d85258a65d52f898a327bff88f5437278[0m
  SBOM hash:    [33msha256:5e9c1ae02cf966ec253432d1910a81f3cda0bb207a5078d4f868c65efc55044f[0m
[32mSignature:[0m C:\Users\ewen\AppData\Local\Temp\airgapctl_pkg_test\test-pkg-1.0.0.agpkg.sig

  Signature    [32m✓ valid[0m
  Bundle       [1mtest-pkg 1.0.0[0m
  Payload hash [32m✓ valid[0m
  SBOM         [32m✓ present[0m
  SBOM hash    [32m✓ valid[0m
  Expiry       [32m✓ valid[0m
  Rollback     [32m✓ passed[0m
  Dependencies [32m✓ all clear[0m

  [32m✓ Status: imported and pending approval[0m
[36mAudit:[0m AUDIT-275b37
[32mApproved:[0m [1mtest-pkg 1.0.0[0m
[36mAudit:[0m AUDIT-ab5b21
[       OK ] PackageIntegrationTest.FullLifecycle (99 ms)
[----------] 1 test from PackageIntegrationTest (99 ms total)

[----------] Global test environment tear-down
[==========] 1 test from 1 test suite ran. (99 ms total)
[  PASSED  ] 1 test.
<end of output>
Test time =   0.11 sec
----------------------------------------------------------
Test Passed.
"PackageIntegrationTest.FullLifecycle" end time: Jun 28 16:10 AUS Eastern Standard Time
"PackageIntegrationTest.FullLifecycle" time elapsed: 00:00:00
----------------------------------------------------------

2/43 Testing: PackageIntegrationTest.RejectsUnsignedPackage
2/43 Test: PackageIntegrationTest.RejectsUnsignedPackage
Command: "C:/Users/ewen/Documents/GitHub/Air-Gapped Update Distribution System/build/airgapctl_test.exe" "--gtest_filter=PackageIntegrationTest.RejectsUnsignedPackage" "--gtest_also_run_disabled_tests"
Directory: C:/Users/ewen/Documents/GitHub/Air-Gapped Update Distribution System/build
"PackageIntegrationTest.RejectsUnsignedPackage" start time: Jun 28 16:10 AUS Eastern Standard Time
Output:
----------------------------------------------------------
Running main() from C:/M/B/src/googletest-1.17.0/googletest/src/gtest_main.cc
Note: Google Test filter = PackageIntegrationTest.RejectsUnsignedPackage
[==========] Running 1 test from 1 test suite.
[----------] Global test environment set-up.
[----------] 1 test from PackageIntegrationTest
[ RUN      ] PackageIntegrationTest.RejectsUnsignedPackage
[32mGenerated key pair:[0m
  Private: [36mC:\Users\ewen\AppData\Local\Temp\airgapctl_pkg_test\release.key[0m
  Public:  [36mC:\Users\ewen\AppData\Local\Temp\airgapctl_pkg_test\release.key.pub[0m
[32mPackage created:[0m [1mC:\Users\ewen\AppData\Local\Temp\airgapctl_pkg_test\test-pkg-1.0.0.agpkg[0m
  Package:      [1mtest-pkg 1.0.0[0m
  Payload hash: [33msha256:0985d6170589fbcedf1646ef2c8a3d5d85258a65d52f898a327bff88f5437278[0m
  SBOM hash:    [33msha256:5e9c1ae02cf966ec253432d1910a81f3cda0bb207a5078d4f868c65efc55044f[0m
error: cannot read C:\Users\ewen\AppData\Local\Temp\airgapctl_pkg_test\test-pkg-1.0.0.agpkg.sig

  Signature    [31m✗ INVALID[0m
  Bundle       [1mtest-pkg 1.0.0[0m
  Payload hash [32m✓ valid[0m
  SBOM         [32m✓ present[0m
  SBOM hash    [32m✓ valid[0m
  Expiry       [32m✓ valid[0m
  Rollback     [32m✓ passed[0m
  Dependencies [32m✓ all clear[0m

  [31m✗ Status: rejected[0m
    - [31minvalid signature[0m
[36mAudit:[0m AUDIT-009670
[       OK ] PackageIntegrationTest.RejectsUnsignedPackage (30 ms)
[----------] 1 test from PackageIntegrationTest (30 ms total)

[----------] Global test environment tear-down
[==========] 1 test from 1 test suite ran. (30 ms total)
[  PASSED  ] 1 test.
<end of output>
Test time =   0.04 sec
----------------------------------------------------------
Test Passed.
"PackageIntegrationTest.RejectsUnsignedPackage" end time: Jun 28 16:10 AUS Eastern Standard Time
"PackageIntegrationTest.RejectsUnsignedPackage" time elapsed: 00:00:00
----------------------------------------------------------

3/43 Testing: PackageIntegrationTest.ApproveWithoutImportFails
3/43 Test: PackageIntegrationTest.ApproveWithoutImportFails
Command: "C:/Users/ewen/Documents/GitHub/Air-Gapped Update Distribution System/build/airgapctl_test.exe" "--gtest_filter=PackageIntegrationTest.ApproveWithoutImportFails" "--gtest_also_run_disabled_tests"
Directory: C:/Users/ewen/Documents/GitHub/Air-Gapped Update Distribution System/build
"PackageIntegrationTest.ApproveWithoutImportFails" start time: Jun 28 16:10 AUS Eastern Standard Time
Output:
----------------------------------------------------------
Running main() from C:/M/B/src/googletest-1.17.0/googletest/src/gtest_main.cc
Note: Google Test filter = PackageIntegrationTest.ApproveWithoutImportFails
[==========] Running 1 test from 1 test suite.
[----------] Global test environment set-up.
[----------] 1 test from PackageIntegrationTest
[ RUN      ] PackageIntegrationTest.ApproveWithoutImportFails
[32mGenerated key pair:[0m
  Private: [36mC:\Users\ewen\AppData\Local\Temp\airgapctl_pkg_test\release.key[0m
  Public:  [36mC:\Users\ewen\AppData\Local\Temp\airgapctl_pkg_test\release.key.pub[0m
[31merror:[0m nonexistent 1.0.0 has not been imported. Run 'airgapctl import' first.
[       OK ] PackageIntegrationTest.ApproveWithoutImportFails (23 ms)
[----------] 1 test from PackageIntegrationTest (24 ms total)

[----------] Global test environment tear-down
[==========] 1 test from 1 test suite ran. (24 ms total)
[  PASSED  ] 1 test.
<end of output>
Test time =   0.04 sec
----------------------------------------------------------
Test Passed.
"PackageIntegrationTest.ApproveWithoutImportFails" end time: Jun 28 16:10 AUS Eastern Standard Time
"PackageIntegrationTest.ApproveWithoutImportFails" time elapsed: 00:00:00
----------------------------------------------------------

4/43 Testing: PackageIntegrationTest.BlockedVersionDoesNotPreventImportWithoutDeps
4/43 Test: PackageIntegrationTest.BlockedVersionDoesNotPreventImportWithoutDeps
Command: "C:/Users/ewen/Documents/GitHub/Air-Gapped Update Distribution System/build/airgapctl_test.exe" "--gtest_filter=PackageIntegrationTest.BlockedVersionDoesNotPreventImportWithoutDeps" "--gtest_also_run_disabled_tests"
Directory: C:/Users/ewen/Documents/GitHub/Air-Gapped Update Distribution System/build
"PackageIntegrationTest.BlockedVersionDoesNotPreventImportWithoutDeps" start time: Jun 28 16:10 AUS Eastern Standard Time
Output:
----------------------------------------------------------
Running main() from C:/M/B/src/googletest-1.17.0/googletest/src/gtest_main.cc
Note: Google Test filter = PackageIntegrationTest.BlockedVersionDoesNotPreventImportWithoutDeps
[==========] Running 1 test from 1 test suite.
[----------] Global test environment set-up.
[----------] 1 test from PackageIntegrationTest
[ RUN      ] PackageIntegrationTest.BlockedVersionDoesNotPreventImportWithoutDeps
[32mGenerated key pair:[0m
  Private: [36mC:\Users\ewen\AppData\Local\Temp\airgapctl_pkg_test\release.key[0m
  Public:  [36mC:\Users\ewen\AppData\Local\Temp\airgapctl_pkg_test\release.key.pub[0m
[32mPackage created:[0m [1mC:\Users\ewen\AppData\Local\Temp\airgapctl_pkg_test\test-pkg-1.0.0.agpkg[0m
  Package:      [1mtest-pkg 1.0.0[0m
  Payload hash: [33msha256:0985d6170589fbcedf1646ef2c8a3d5d85258a65d52f898a327bff88f5437278[0m
  SBOM hash:    [33msha256:5e9c1ae02cf966ec253432d1910a81f3cda0bb207a5078d4f868c65efc55044f[0m
[32mSignature:[0m C:\Users\ewen\AppData\Local\Temp\airgapctl_pkg_test\test-pkg-1.0.0.agpkg.sig

  Signature    [32m✓ valid[0m
  Bundle       [1mtest-pkg 1.0.0[0m
  Payload hash [32m✓ valid[0m
  SBOM         [32m✓ present[0m
  SBOM hash    [32m✓ valid[0m
  Expiry       [32m✓ valid[0m
  Rollback     [32m✓ passed[0m
  Dependencies [32m✓ all clear[0m

  [32m✓ Status: imported and pending approval[0m
[36mAudit:[0m AUDIT-275b37
[       OK ] PackageIntegrationTest.BlockedVersionDoesNotPreventImportWithoutDeps (38 ms)
[----------] 1 test from PackageIntegrationTest (38 ms total)

[----------] Global test environment tear-down
[==========] 1 test from 1 test suite ran. (38 ms total)
[  PASSED  ] 1 test.
<end of output>
Test time =   0.05 sec
----------------------------------------------------------
Test Passed.
"PackageIntegrationTest.BlockedVersionDoesNotPreventImportWithoutDeps" end time: Jun 28 16:10 AUS Eastern Standard Time
"PackageIntegrationTest.BlockedVersionDoesNotPreventImportWithoutDeps" time elapsed: 00:00:00
----------------------------------------------------------

5/43 Testing: PackageIntegrationTest.BlockedVersionPreventsInstall
5/43 Test: PackageIntegrationTest.BlockedVersionPreventsInstall
Command: "C:/Users/ewen/Documents/GitHub/Air-Gapped Update Distribution System/build/airgapctl_test.exe" "--gtest_filter=PackageIntegrationTest.BlockedVersionPreventsInstall" "--gtest_also_run_disabled_tests"
Directory: C:/Users/ewen/Documents/GitHub/Air-Gapped Update Distribution System/build
"PackageIntegrationTest.BlockedVersionPreventsInstall" start time: Jun 28 16:10 AUS Eastern Standard Time
Output:
----------------------------------------------------------
Running main() from C:/M/B/src/googletest-1.17.0/googletest/src/gtest_main.cc
Note: Google Test filter = PackageIntegrationTest.BlockedVersionPreventsInstall
[==========] Running 1 test from 1 test suite.
[----------] Global test environment set-up.
[----------] 1 test from PackageIntegrationTest
[ RUN      ] PackageIntegrationTest.BlockedVersionPreventsInstall
[32mGenerated key pair:[0m
  Private: [36mC:\Users\ewen\AppData\Local\Temp\airgapctl_pkg_test\release.key[0m
  Public:  [36mC:\Users\ewen\AppData\Local\Temp\airgapctl_pkg_test\release.key.pub[0m
[32mPackage created:[0m [1mC:\Users\ewen\AppData\Local\Temp\airgapctl_pkg_test\test-pkg-1.0.0.agpkg[0m
  Package:      [1mtest-pkg 1.0.0[0m
  Payload hash: [33msha256:0985d6170589fbcedf1646ef2c8a3d5d85258a65d52f898a327bff88f5437278[0m
  SBOM hash:    [33msha256:5e9c1ae02cf966ec253432d1910a81f3cda0bb207a5078d4f868c65efc55044f[0m
[32mSignature:[0m C:\Users\ewen\AppData\Local\Temp\airgapctl_pkg_test\test-pkg-1.0.0.agpkg.sig

  Signature    [32m✓ valid[0m
  Bundle       [1mtest-pkg 1.0.0[0m
  Payload hash [32m✓ valid[0m
  SBOM         [32m✓ present[0m
  SBOM hash    [32m✓ valid[0m
  Expiry       [32m✓ valid[0m
  Rollback     [32m✓ passed[0m
  Dependencies [32m✓ all clear[0m

  [32m✓ Status: imported and pending approval[0m
[36mAudit:[0m AUDIT-275b37
[32mApproved:[0m [1mtest-pkg 1.0.0[0m
[36mAudit:[0m AUDIT-ab5b21
[       OK ] PackageIntegrationTest.BlockedVersionPreventsInstall (48 ms)
[----------] 1 test from PackageIntegrationTest (48 ms total)

[----------] Global test environment tear-down
[==========] 1 test from 1 test suite ran. (48 ms total)
[  PASSED  ] 1 test.
<end of output>
Test time =   0.06 sec
----------------------------------------------------------
Test Passed.
"PackageIntegrationTest.BlockedVersionPreventsInstall" end time: Jun 28 16:10 AUS Eastern Standard Time
"PackageIntegrationTest.BlockedVersionPreventsInstall" time elapsed: 00:00:00
----------------------------------------------------------

6/43 Testing: PackageIntegrationTest.DowngradeRejected
6/43 Test: PackageIntegrationTest.DowngradeRejected
Command: "C:/Users/ewen/Documents/GitHub/Air-Gapped Update Distribution System/build/airgapctl_test.exe" "--gtest_filter=PackageIntegrationTest.DowngradeRejected" "--gtest_also_run_disabled_tests"
Directory: C:/Users/ewen/Documents/GitHub/Air-Gapped Update Distribution System/build
"PackageIntegrationTest.DowngradeRejected" start time: Jun 28 16:10 AUS Eastern Standard Time
Output:
----------------------------------------------------------
Running main() from C:/M/B/src/googletest-1.17.0/googletest/src/gtest_main.cc
Note: Google Test filter = PackageIntegrationTest.DowngradeRejected
[==========] Running 1 test from 1 test suite.
[----------] Global test environment set-up.
[----------] 1 test from PackageIntegrationTest
[ RUN      ] PackageIntegrationTest.DowngradeRejected
[32mGenerated key pair:[0m
  Private: [36mC:\Users\ewen\AppData\Local\Temp\airgapctl_pkg_test\release.key[0m
  Public:  [36mC:\Users\ewen\AppData\Local\Temp\airgapctl_pkg_test\release.key.pub[0m
[32mPackage created:[0m [1mC:\Users\ewen\AppData\Local\Temp\airgapctl_pkg_test\test-pkg-1.0.0.agpkg[0m
  Package:      [1mtest-pkg 2.0.0[0m
  Payload hash: [33msha256:0985d6170589fbcedf1646ef2c8a3d5d85258a65d52f898a327bff88f5437278[0m
  SBOM hash:    [33msha256:5e9c1ae02cf966ec253432d1910a81f3cda0bb207a5078d4f868c65efc55044f[0m
[32mSignature:[0m C:\Users\ewen\AppData\Local\Temp\airgapctl_pkg_test\test-pkg-1.0.0.agpkg.sig

  Signature    [32m✓ valid[0m
  Bundle       [1mtest-pkg 2.0.0[0m
  Payload hash [32m✓ valid[0m
  SBOM         [32m✓ present[0m
  SBOM hash    [32m✓ valid[0m
  Expiry       [32m✓ valid[0m
  Rollback     [32m✓ passed[0m
  Dependencies [32m✓ all clear[0m

  [32m✓ Status: imported and pending approval[0m
[36mAudit:[0m AUDIT-ab4e76
[32mApproved:[0m [1mtest-pkg 2.0.0[0m
[36mAudit:[0m AUDIT-8f1351
[       OK ] PackageIntegrationTest.DowngradeRejected (58 ms)
[----------] 1 test from PackageIntegrationTest (58 ms total)

[----------] Global test environment tear-down
[==========] 1 test from 1 test suite ran. (58 ms total)
[  PASSED  ] 1 test.
<end of output>
Test time =   0.07 sec
----------------------------------------------------------
Test Passed.
"PackageIntegrationTest.DowngradeRejected" end time: Jun 28 16:10 AUS Eastern Standard Time
"PackageIntegrationTest.DowngradeRejected" time elapsed: 00:00:00
----------------------------------------------------------

7/43 Testing: PolicyTest.NoDependenciesReturnsEmpty
7/43 Test: PolicyTest.NoDependenciesReturnsEmpty
Command: "C:/Users/ewen/Documents/GitHub/Air-Gapped Update Distribution System/build/airgapctl_test.exe" "--gtest_filter=PolicyTest.NoDependenciesReturnsEmpty" "--gtest_also_run_disabled_tests"
Directory: C:/Users/ewen/Documents/GitHub/Air-Gapped Update Distribution System/build
"PolicyTest.NoDependenciesReturnsEmpty" start time: Jun 28 16:10 AUS Eastern Standard Time
Output:
----------------------------------------------------------
Running main() from C:/M/B/src/googletest-1.17.0/googletest/src/gtest_main.cc
Note: Google Test filter = PolicyTest.NoDependenciesReturnsEmpty
[==========] Running 1 test from 1 test suite.
[----------] Global test environment set-up.
[----------] 1 test from PolicyTest
[ RUN      ] PolicyTest.NoDependenciesReturnsEmpty
[       OK ] PolicyTest.NoDependenciesReturnsEmpty (12 ms)
[----------] 1 test from PolicyTest (12 ms total)

[----------] Global test environment tear-down
[==========] 1 test from 1 test suite ran. (12 ms total)
[  PASSED  ] 1 test.
<end of output>
Test time =   0.02 sec
----------------------------------------------------------
Test Passed.
"PolicyTest.NoDependenciesReturnsEmpty" end time: Jun 28 16:10 AUS Eastern Standard Time
"PolicyTest.NoDependenciesReturnsEmpty" time elapsed: 00:00:00
----------------------------------------------------------

8/43 Testing: PolicyTest.AllDepsAllowed
8/43 Test: PolicyTest.AllDepsAllowed
Command: "C:/Users/ewen/Documents/GitHub/Air-Gapped Update Distribution System/build/airgapctl_test.exe" "--gtest_filter=PolicyTest.AllDepsAllowed" "--gtest_also_run_disabled_tests"
Directory: C:/Users/ewen/Documents/GitHub/Air-Gapped Update Distribution System/build
"PolicyTest.AllDepsAllowed" start time: Jun 28 16:10 AUS Eastern Standard Time
Output:
----------------------------------------------------------
Running main() from C:/M/B/src/googletest-1.17.0/googletest/src/gtest_main.cc
Note: Google Test filter = PolicyTest.AllDepsAllowed
[==========] Running 1 test from 1 test suite.
[----------] Global test environment set-up.
[----------] 1 test from PolicyTest
[ RUN      ] PolicyTest.AllDepsAllowed
[       OK ] PolicyTest.AllDepsAllowed (18 ms)
[----------] 1 test from PolicyTest (18 ms total)

[----------] Global test environment tear-down
[==========] 1 test from 1 test suite ran. (18 ms total)
[  PASSED  ] 1 test.
<end of output>
Test time =   0.03 sec
----------------------------------------------------------
Test Passed.
"PolicyTest.AllDepsAllowed" end time: Jun 28 16:10 AUS Eastern Standard Time
"PolicyTest.AllDepsAllowed" time elapsed: 00:00:00
----------------------------------------------------------

9/43 Testing: PolicyTest.BlockedDepDetected
9/43 Test: PolicyTest.BlockedDepDetected
Command: "C:/Users/ewen/Documents/GitHub/Air-Gapped Update Distribution System/build/airgapctl_test.exe" "--gtest_filter=PolicyTest.BlockedDepDetected" "--gtest_also_run_disabled_tests"
Directory: C:/Users/ewen/Documents/GitHub/Air-Gapped Update Distribution System/build
"PolicyTest.BlockedDepDetected" start time: Jun 28 16:10 AUS Eastern Standard Time
Output:
----------------------------------------------------------
Running main() from C:/M/B/src/googletest-1.17.0/googletest/src/gtest_main.cc
Note: Google Test filter = PolicyTest.BlockedDepDetected
[==========] Running 1 test from 1 test suite.
[----------] Global test environment set-up.
[----------] 1 test from PolicyTest
[ RUN      ] PolicyTest.BlockedDepDetected
[       OK ] PolicyTest.BlockedDepDetected (15 ms)
[----------] 1 test from PolicyTest (15 ms total)

[----------] Global test environment tear-down
[==========] 1 test from 1 test suite ran. (15 ms total)
[  PASSED  ] 1 test.
<end of output>
Test time =   0.03 sec
----------------------------------------------------------
Test Passed.
"PolicyTest.BlockedDepDetected" end time: Jun 28 16:10 AUS Eastern Standard Time
"PolicyTest.BlockedDepDetected" time elapsed: 00:00:00
----------------------------------------------------------

10/43 Testing: PolicyTest.NullStoreReturnsEmpty
10/43 Test: PolicyTest.NullStoreReturnsEmpty
Command: "C:/Users/ewen/Documents/GitHub/Air-Gapped Update Distribution System/build/airgapctl_test.exe" "--gtest_filter=PolicyTest.NullStoreReturnsEmpty" "--gtest_also_run_disabled_tests"
Directory: C:/Users/ewen/Documents/GitHub/Air-Gapped Update Distribution System/build
"PolicyTest.NullStoreReturnsEmpty" start time: Jun 28 16:10 AUS Eastern Standard Time
Output:
----------------------------------------------------------
Running main() from C:/M/B/src/googletest-1.17.0/googletest/src/gtest_main.cc
Note: Google Test filter = PolicyTest.NullStoreReturnsEmpty
[==========] Running 1 test from 1 test suite.
[----------] Global test environment set-up.
[----------] 1 test from PolicyTest
[ RUN      ] PolicyTest.NullStoreReturnsEmpty
[       OK ] PolicyTest.NullStoreReturnsEmpty (11 ms)
[----------] 1 test from PolicyTest (11 ms total)

[----------] Global test environment tear-down
[==========] 1 test from 1 test suite ran. (11 ms total)
[  PASSED  ] 1 test.
<end of output>
Test time =   0.02 sec
----------------------------------------------------------
Test Passed.
"PolicyTest.NullStoreReturnsEmpty" end time: Jun 28 16:10 AUS Eastern Standard Time
"PolicyTest.NullStoreReturnsEmpty" time elapsed: 00:00:00
----------------------------------------------------------

11/43 Testing: PolicyTest.BlockedVersionDifferentVersionNotAffected
11/43 Test: PolicyTest.BlockedVersionDifferentVersionNotAffected
Command: "C:/Users/ewen/Documents/GitHub/Air-Gapped Update Distribution System/build/airgapctl_test.exe" "--gtest_filter=PolicyTest.BlockedVersionDifferentVersionNotAffected" "--gtest_also_run_disabled_tests"
Directory: C:/Users/ewen/Documents/GitHub/Air-Gapped Update Distribution System/build
"PolicyTest.BlockedVersionDifferentVersionNotAffected" start time: Jun 28 16:10 AUS Eastern Standard Time
Output:
----------------------------------------------------------
Running main() from C:/M/B/src/googletest-1.17.0/googletest/src/gtest_main.cc
Note: Google Test filter = PolicyTest.BlockedVersionDifferentVersionNotAffected
[==========] Running 1 test from 1 test suite.
[----------] Global test environment set-up.
[----------] 1 test from PolicyTest
[ RUN      ] PolicyTest.BlockedVersionDifferentVersionNotAffected
[       OK ] PolicyTest.BlockedVersionDifferentVersionNotAffected (14 ms)
[----------] 1 test from PolicyTest (14 ms total)

[----------] Global test environment tear-down
[==========] 1 test from 1 test suite ran. (14 ms total)
[  PASSED  ] 1 test.
<end of output>
Test time =   0.03 sec
----------------------------------------------------------
Test Passed.
"PolicyTest.BlockedVersionDifferentVersionNotAffected" end time: Jun 28 16:10 AUS Eastern Standard Time
"PolicyTest.BlockedVersionDifferentVersionNotAffected" time elapsed: 00:00:00
----------------------------------------------------------

12/43 Testing: AuditTest.OpenCreatesTables
12/43 Test: AuditTest.OpenCreatesTables
Command: "C:/Users/ewen/Documents/GitHub/Air-Gapped Update Distribution System/build/airgapctl_test.exe" "--gtest_filter=AuditTest.OpenCreatesTables" "--gtest_also_run_disabled_tests"
Directory: C:/Users/ewen/Documents/GitHub/Air-Gapped Update Distribution System/build
"AuditTest.OpenCreatesTables" start time: Jun 28 16:10 AUS Eastern Standard Time
Output:
----------------------------------------------------------
Running main() from C:/M/B/src/googletest-1.17.0/googletest/src/gtest_main.cc
Note: Google Test filter = AuditTest.OpenCreatesTables
[==========] Running 1 test from 1 test suite.
[----------] Global test environment set-up.
[----------] 1 test from AuditTest
[ RUN      ] AuditTest.OpenCreatesTables
[       OK ] AuditTest.OpenCreatesTables (9 ms)
[----------] 1 test from AuditTest (9 ms total)

[----------] Global test environment tear-down
[==========] 1 test from 1 test suite ran. (9 ms total)
[  PASSED  ] 1 test.
<end of output>
Test time =   0.02 sec
----------------------------------------------------------
Test Passed.
"AuditTest.OpenCreatesTables" end time: Jun 28 16:10 AUS Eastern Standard Time
"AuditTest.OpenCreatesTables" time elapsed: 00:00:00
----------------------------------------------------------

13/43 Testing: AuditTest.WriteEvent
13/43 Test: AuditTest.WriteEvent
Command: "C:/Users/ewen/Documents/GitHub/Air-Gapped Update Distribution System/build/airgapctl_test.exe" "--gtest_filter=AuditTest.WriteEvent" "--gtest_also_run_disabled_tests"
Directory: C:/Users/ewen/Documents/GitHub/Air-Gapped Update Distribution System/build
"AuditTest.WriteEvent" start time: Jun 28 16:10 AUS Eastern Standard Time
Output:
----------------------------------------------------------
Running main() from C:/M/B/src/googletest-1.17.0/googletest/src/gtest_main.cc
Note: Google Test filter = AuditTest.WriteEvent
[==========] Running 1 test from 1 test suite.
[----------] Global test environment set-up.
[----------] 1 test from AuditTest
[ RUN      ] AuditTest.WriteEvent
[36mAudit:[0m AUDIT-adcba1
[       OK ] AuditTest.WriteEvent (12 ms)
[----------] 1 test from AuditTest (12 ms total)

[----------] Global test environment tear-down
[==========] 1 test from 1 test suite ran. (13 ms total)
[  PASSED  ] 1 test.
<end of output>
Test time =   0.02 sec
----------------------------------------------------------
Test Passed.
"AuditTest.WriteEvent" end time: Jun 28 16:10 AUS Eastern Standard Time
"AuditTest.WriteEvent" time elapsed: 00:00:00
----------------------------------------------------------

14/43 Testing: AuditTest.VerifyEmptyChain
14/43 Test: AuditTest.VerifyEmptyChain
Command: "C:/Users/ewen/Documents/GitHub/Air-Gapped Update Distribution System/build/airgapctl_test.exe" "--gtest_filter=AuditTest.VerifyEmptyChain" "--gtest_also_run_disabled_tests"
Directory: C:/Users/ewen/Documents/GitHub/Air-Gapped Update Distribution System/build
"AuditTest.VerifyEmptyChain" start time: Jun 28 16:10 AUS Eastern Standard Time
Output:
----------------------------------------------------------
Running main() from C:/M/B/src/googletest-1.17.0/googletest/src/gtest_main.cc
Note: Google Test filter = AuditTest.VerifyEmptyChain
[==========] Running 1 test from 1 test suite.
[----------] Global test environment set-up.
[----------] 1 test from AuditTest
[ RUN      ] AuditTest.VerifyEmptyChain
Audit chain   [33m(empty)[0m
[       OK ] AuditTest.VerifyEmptyChain (12 ms)
[----------] 1 test from AuditTest (12 ms total)

[----------] Global test environment tear-down
[==========] 1 test from 1 test suite ran. (12 ms total)
[  PASSED  ] 1 test.
<end of output>
Test time =   0.02 sec
----------------------------------------------------------
Test Passed.
"AuditTest.VerifyEmptyChain" end time: Jun 28 16:10 AUS Eastern Standard Time
"AuditTest.VerifyEmptyChain" time elapsed: 00:00:00
----------------------------------------------------------

15/43 Testing: AuditTest.VerifyChainSingleEvent
15/43 Test: AuditTest.VerifyChainSingleEvent
Command: "C:/Users/ewen/Documents/GitHub/Air-Gapped Update Distribution System/build/airgapctl_test.exe" "--gtest_filter=AuditTest.VerifyChainSingleEvent" "--gtest_also_run_disabled_tests"
Directory: C:/Users/ewen/Documents/GitHub/Air-Gapped Update Distribution System/build
"AuditTest.VerifyChainSingleEvent" start time: Jun 28 16:10 AUS Eastern Standard Time
Output:
----------------------------------------------------------
Running main() from C:/M/B/src/googletest-1.17.0/googletest/src/gtest_main.cc
Note: Google Test filter = AuditTest.VerifyChainSingleEvent
[==========] Running 1 test from 1 test suite.
[----------] Global test environment set-up.
[----------] 1 test from AuditTest
[ RUN      ] AuditTest.VerifyChainSingleEvent
[36mAudit:[0m AUDIT-3f56e8
Audit chain   [32m✓ valid[0m
Events        1
[       OK ] AuditTest.VerifyChainSingleEvent (19 ms)
[----------] 1 test from AuditTest (19 ms total)

[----------] Global test environment tear-down
[==========] 1 test from 1 test suite ran. (19 ms total)
[  PASSED  ] 1 test.
<end of output>
Test time =   0.03 sec
----------------------------------------------------------
Test Passed.
"AuditTest.VerifyChainSingleEvent" end time: Jun 28 16:10 AUS Eastern Standard Time
"AuditTest.VerifyChainSingleEvent" time elapsed: 00:00:00
----------------------------------------------------------

16/43 Testing: AuditTest.VerifyChainMultipleEvents
16/43 Test: AuditTest.VerifyChainMultipleEvents
Command: "C:/Users/ewen/Documents/GitHub/Air-Gapped Update Distribution System/build/airgapctl_test.exe" "--gtest_filter=AuditTest.VerifyChainMultipleEvents" "--gtest_also_run_disabled_tests"
Directory: C:/Users/ewen/Documents/GitHub/Air-Gapped Update Distribution System/build
"AuditTest.VerifyChainMultipleEvents" start time: Jun 28 16:10 AUS Eastern Standard Time
Output:
----------------------------------------------------------
Running main() from C:/M/B/src/googletest-1.17.0/googletest/src/gtest_main.cc
Note: Google Test filter = AuditTest.VerifyChainMultipleEvents
[==========] Running 1 test from 1 test suite.
[----------] Global test environment set-up.
[----------] 1 test from AuditTest
[ RUN      ] AuditTest.VerifyChainMultipleEvents
[36mAudit:[0m AUDIT-0bc5bb
[36mAudit:[0m AUDIT-bf6b95
[36mAudit:[0m AUDIT-af4a38
Audit chain   [32m✓ valid[0m
Events        3
[       OK ] AuditTest.VerifyChainMultipleEvents (25 ms)
[----------] 1 test from AuditTest (25 ms total)

[----------] Global test environment tear-down
[==========] 1 test from 1 test suite ran. (25 ms total)
[  PASSED  ] 1 test.
<end of output>
Test time =   0.04 sec
----------------------------------------------------------
Test Passed.
"AuditTest.VerifyChainMultipleEvents" end time: Jun 28 16:10 AUS Eastern Standard Time
"AuditTest.VerifyChainMultipleEvents" time elapsed: 00:00:00
----------------------------------------------------------

17/43 Testing: AuditTest.TamperDetectionAppendedEvents
17/43 Test: AuditTest.TamperDetectionAppendedEvents
Command: "C:/Users/ewen/Documents/GitHub/Air-Gapped Update Distribution System/build/airgapctl_test.exe" "--gtest_filter=AuditTest.TamperDetectionAppendedEvents" "--gtest_also_run_disabled_tests"
Directory: C:/Users/ewen/Documents/GitHub/Air-Gapped Update Distribution System/build
"AuditTest.TamperDetectionAppendedEvents" start time: Jun 28 16:10 AUS Eastern Standard Time
Output:
----------------------------------------------------------
Running main() from C:/M/B/src/googletest-1.17.0/googletest/src/gtest_main.cc
Note: Google Test filter = AuditTest.TamperDetectionAppendedEvents
[==========] Running 1 test from 1 test suite.
[----------] Global test environment set-up.
[----------] 1 test from AuditTest
[ RUN      ] AuditTest.TamperDetectionAppendedEvents
[36mAudit:[0m AUDIT-0bc5bb
[36mAudit:[0m AUDIT-bf6b95
Audit chain   [32m✓ valid[0m
Events        2
[36mAudit:[0m AUDIT-af4a38
[33mWarning:[0m 1 event(s) appended since last verification
  Last verified: 2026-06-28 06:10:23
Audit chain   [33mvalid (tamper detected since last verify)[0m
Events        3
[       OK ] AuditTest.TamperDetectionAppendedEvents (28 ms)
[----------] 1 test from AuditTest (28 ms total)

[----------] Global test environment tear-down
[==========] 1 test from 1 test suite ran. (28 ms total)
[  PASSED  ] 1 test.
<end of output>
Test time =   0.04 sec
----------------------------------------------------------
Test Passed.
"AuditTest.TamperDetectionAppendedEvents" end time: Jun 28 16:10 AUS Eastern Standard Time
"AuditTest.TamperDetectionAppendedEvents" time elapsed: 00:00:00
----------------------------------------------------------

18/43 Testing: AuditTest.TamperDetectionRemovedEvents
18/43 Test: AuditTest.TamperDetectionRemovedEvents
Command: "C:/Users/ewen/Documents/GitHub/Air-Gapped Update Distribution System/build/airgapctl_test.exe" "--gtest_filter=AuditTest.TamperDetectionRemovedEvents" "--gtest_also_run_disabled_tests"
Directory: C:/Users/ewen/Documents/GitHub/Air-Gapped Update Distribution System/build
"AuditTest.TamperDetectionRemovedEvents" start time: Jun 28 16:10 AUS Eastern Standard Time
Output:
----------------------------------------------------------
Running main() from C:/M/B/src/googletest-1.17.0/googletest/src/gtest_main.cc
Note: Google Test filter = AuditTest.TamperDetectionRemovedEvents
[==========] Running 1 test from 1 test suite.
[----------] Global test environment set-up.
[----------] 1 test from AuditTest
[ RUN      ] AuditTest.TamperDetectionRemovedEvents
[36mAudit:[0m AUDIT-0bc5bb
[36mAudit:[0m AUDIT-758f48
Audit chain   [32m✓ valid[0m
Events        2
[       OK ] AuditTest.TamperDetectionRemovedEvents (494 ms)
[----------] 1 test from AuditTest (494 ms total)

[----------] Global test environment tear-down
[==========] 1 test from 1 test suite ran. (494 ms total)
[  PASSED  ] 1 test.
<end of output>
Test time =   0.51 sec
----------------------------------------------------------
Test Passed.
"AuditTest.TamperDetectionRemovedEvents" end time: Jun 28 16:10 AUS Eastern Standard Time
"AuditTest.TamperDetectionRemovedEvents" time elapsed: 00:00:00
----------------------------------------------------------

19/43 Testing: StoreTest.OpenCreatesTables
19/43 Test: StoreTest.OpenCreatesTables
Command: "C:/Users/ewen/Documents/GitHub/Air-Gapped Update Distribution System/build/airgapctl_test.exe" "--gtest_filter=StoreTest.OpenCreatesTables" "--gtest_also_run_disabled_tests"
Directory: C:/Users/ewen/Documents/GitHub/Air-Gapped Update Distribution System/build
"StoreTest.OpenCreatesTables" start time: Jun 28 16:10 AUS Eastern Standard Time
Output:
----------------------------------------------------------
Running main() from C:/M/B/src/googletest-1.17.0/googletest/src/gtest_main.cc
Note: Google Test filter = StoreTest.OpenCreatesTables
[==========] Running 1 test from 1 test suite.
[----------] Global test environment set-up.
[----------] 1 test from StoreTest
[ RUN      ] StoreTest.OpenCreatesTables
[       OK ] StoreTest.OpenCreatesTables (12 ms)
[----------] 1 test from StoreTest (12 ms total)

[----------] Global test environment tear-down
[==========] 1 test from 1 test suite ran. (12 ms total)
[  PASSED  ] 1 test.
<end of output>
Test time =   0.02 sec
----------------------------------------------------------
Test Passed.
"StoreTest.OpenCreatesTables" end time: Jun 28 16:10 AUS Eastern Standard Time
"StoreTest.OpenCreatesTables" time elapsed: 00:00:00
----------------------------------------------------------

20/43 Testing: StoreTest.AddAndCheckImportedBundle
20/43 Test: StoreTest.AddAndCheckImportedBundle
Command: "C:/Users/ewen/Documents/GitHub/Air-Gapped Update Distribution System/build/airgapctl_test.exe" "--gtest_filter=StoreTest.AddAndCheckImportedBundle" "--gtest_also_run_disabled_tests"
Directory: C:/Users/ewen/Documents/GitHub/Air-Gapped Update Distribution System/build
"StoreTest.AddAndCheckImportedBundle" start time: Jun 28 16:10 AUS Eastern Standard Time
Output:
----------------------------------------------------------
Running main() from C:/M/B/src/googletest-1.17.0/googletest/src/gtest_main.cc
Note: Google Test filter = StoreTest.AddAndCheckImportedBundle
[==========] Running 1 test from 1 test suite.
[----------] Global test environment set-up.
[----------] 1 test from StoreTest
[ RUN      ] StoreTest.AddAndCheckImportedBundle
[       OK ] StoreTest.AddAndCheckImportedBundle (14 ms)
[----------] 1 test from StoreTest (14 ms total)

[----------] Global test environment tear-down
[==========] 1 test from 1 test suite ran. (14 ms total)
[  PASSED  ] 1 test.
<end of output>
Test time =   0.03 sec
----------------------------------------------------------
Test Passed.
"StoreTest.AddAndCheckImportedBundle" end time: Jun 28 16:10 AUS Eastern Standard Time
"StoreTest.AddAndCheckImportedBundle" time elapsed: 00:00:00
----------------------------------------------------------

21/43 Testing: StoreTest.GetImportedManifestHash
21/43 Test: StoreTest.GetImportedManifestHash
Command: "C:/Users/ewen/Documents/GitHub/Air-Gapped Update Distribution System/build/airgapctl_test.exe" "--gtest_filter=StoreTest.GetImportedManifestHash" "--gtest_also_run_disabled_tests"
Directory: C:/Users/ewen/Documents/GitHub/Air-Gapped Update Distribution System/build
"StoreTest.GetImportedManifestHash" start time: Jun 28 16:10 AUS Eastern Standard Time
Output:
----------------------------------------------------------
Running main() from C:/M/B/src/googletest-1.17.0/googletest/src/gtest_main.cc
Note: Google Test filter = StoreTest.GetImportedManifestHash
[==========] Running 1 test from 1 test suite.
[----------] Global test environment set-up.
[----------] 1 test from StoreTest
[ RUN      ] StoreTest.GetImportedManifestHash
[       OK ] StoreTest.GetImportedManifestHash (14 ms)
[----------] 1 test from StoreTest (14 ms total)

[----------] Global test environment tear-down
[==========] 1 test from 1 test suite ran. (15 ms total)
[  PASSED  ] 1 test.
<end of output>
Test time =   0.03 sec
----------------------------------------------------------
Test Passed.
"StoreTest.GetImportedManifestHash" end time: Jun 28 16:10 AUS Eastern Standard Time
"StoreTest.GetImportedManifestHash" time elapsed: 00:00:00
----------------------------------------------------------

22/43 Testing: StoreTest.SetAndGetBundleStatus
22/43 Test: StoreTest.SetAndGetBundleStatus
Command: "C:/Users/ewen/Documents/GitHub/Air-Gapped Update Distribution System/build/airgapctl_test.exe" "--gtest_filter=StoreTest.SetAndGetBundleStatus" "--gtest_also_run_disabled_tests"
Directory: C:/Users/ewen/Documents/GitHub/Air-Gapped Update Distribution System/build
"StoreTest.SetAndGetBundleStatus" start time: Jun 28 16:10 AUS Eastern Standard Time
Output:
----------------------------------------------------------
Running main() from C:/M/B/src/googletest-1.17.0/googletest/src/gtest_main.cc
Note: Google Test filter = StoreTest.SetAndGetBundleStatus
[==========] Running 1 test from 1 test suite.
[----------] Global test environment set-up.
[----------] 1 test from StoreTest
[ RUN      ] StoreTest.SetAndGetBundleStatus
[       OK ] StoreTest.SetAndGetBundleStatus (17 ms)
[----------] 1 test from StoreTest (18 ms total)

[----------] Global test environment tear-down
[==========] 1 test from 1 test suite ran. (18 ms total)
[  PASSED  ] 1 test.
<end of output>
Test time =   0.03 sec
----------------------------------------------------------
Test Passed.
"StoreTest.SetAndGetBundleStatus" end time: Jun 28 16:10 AUS Eastern Standard Time
"StoreTest.SetAndGetBundleStatus" time elapsed: 00:00:00
----------------------------------------------------------

23/43 Testing: StoreTest.InstallAndGetVersion
23/43 Test: StoreTest.InstallAndGetVersion
Command: "C:/Users/ewen/Documents/GitHub/Air-Gapped Update Distribution System/build/airgapctl_test.exe" "--gtest_filter=StoreTest.InstallAndGetVersion" "--gtest_also_run_disabled_tests"
Directory: C:/Users/ewen/Documents/GitHub/Air-Gapped Update Distribution System/build
"StoreTest.InstallAndGetVersion" start time: Jun 28 16:10 AUS Eastern Standard Time
Output:
----------------------------------------------------------
Running main() from C:/M/B/src/googletest-1.17.0/googletest/src/gtest_main.cc
Note: Google Test filter = StoreTest.InstallAndGetVersion
[==========] Running 1 test from 1 test suite.
[----------] Global test environment set-up.
[----------] 1 test from StoreTest
[ RUN      ] StoreTest.InstallAndGetVersion
[       OK ] StoreTest.InstallAndGetVersion (18 ms)
[----------] 1 test from StoreTest (18 ms total)

[----------] Global test environment tear-down
[==========] 1 test from 1 test suite ran. (18 ms total)
[  PASSED  ] 1 test.
<end of output>
Test time =   0.03 sec
----------------------------------------------------------
Test Passed.
"StoreTest.InstallAndGetVersion" end time: Jun 28 16:10 AUS Eastern Standard Time
"StoreTest.InstallAndGetVersion" time elapsed: 00:00:00
----------------------------------------------------------

24/43 Testing: StoreTest.InstallUpgradePreservesPrevious
24/43 Test: StoreTest.InstallUpgradePreservesPrevious
Command: "C:/Users/ewen/Documents/GitHub/Air-Gapped Update Distribution System/build/airgapctl_test.exe" "--gtest_filter=StoreTest.InstallUpgradePreservesPrevious" "--gtest_also_run_disabled_tests"
Directory: C:/Users/ewen/Documents/GitHub/Air-Gapped Update Distribution System/build
"StoreTest.InstallUpgradePreservesPrevious" start time: Jun 28 16:10 AUS Eastern Standard Time
Output:
----------------------------------------------------------
Running main() from C:/M/B/src/googletest-1.17.0/googletest/src/gtest_main.cc
Note: Google Test filter = StoreTest.InstallUpgradePreservesPrevious
[==========] Running 1 test from 1 test suite.
[----------] Global test environment set-up.
[----------] 1 test from StoreTest
[ RUN      ] StoreTest.InstallUpgradePreservesPrevious
[       OK ] StoreTest.InstallUpgradePreservesPrevious (23 ms)
[----------] 1 test from StoreTest (23 ms total)

[----------] Global test environment tear-down
[==========] 1 test from 1 test suite ran. (23 ms total)
[  PASSED  ] 1 test.
<end of output>
Test time =   0.03 sec
----------------------------------------------------------
Test Passed.
"StoreTest.InstallUpgradePreservesPrevious" end time: Jun 28 16:10 AUS Eastern Standard Time
"StoreTest.InstallUpgradePreservesPrevious" time elapsed: 00:00:00
----------------------------------------------------------

25/43 Testing: StoreTest.GetAllImported
25/43 Test: StoreTest.GetAllImported
Command: "C:/Users/ewen/Documents/GitHub/Air-Gapped Update Distribution System/build/airgapctl_test.exe" "--gtest_filter=StoreTest.GetAllImported" "--gtest_also_run_disabled_tests"
Directory: C:/Users/ewen/Documents/GitHub/Air-Gapped Update Distribution System/build
"StoreTest.GetAllImported" start time: Jun 28 16:10 AUS Eastern Standard Time
Output:
----------------------------------------------------------
Running main() from C:/M/B/src/googletest-1.17.0/googletest/src/gtest_main.cc
Note: Google Test filter = StoreTest.GetAllImported
[==========] Running 1 test from 1 test suite.
[----------] Global test environment set-up.
[----------] 1 test from StoreTest
[ RUN      ] StoreTest.GetAllImported
[       OK ] StoreTest.GetAllImported (17 ms)
[----------] 1 test from StoreTest (17 ms total)

[----------] Global test environment tear-down
[==========] 1 test from 1 test suite ran. (18 ms total)
[  PASSED  ] 1 test.
<end of output>
Test time =   0.03 sec
----------------------------------------------------------
Test Passed.
"StoreTest.GetAllImported" end time: Jun 28 16:10 AUS Eastern Standard Time
"StoreTest.GetAllImported" time elapsed: 00:00:00
----------------------------------------------------------

26/43 Testing: StoreTest.IsVersionBlockedInitially
26/43 Test: StoreTest.IsVersionBlockedInitially
Command: "C:/Users/ewen/Documents/GitHub/Air-Gapped Update Distribution System/build/airgapctl_test.exe" "--gtest_filter=StoreTest.IsVersionBlockedInitially" "--gtest_also_run_disabled_tests"
Directory: C:/Users/ewen/Documents/GitHub/Air-Gapped Update Distribution System/build
"StoreTest.IsVersionBlockedInitially" start time: Jun 28 16:10 AUS Eastern Standard Time
Output:
----------------------------------------------------------
Running main() from C:/M/B/src/googletest-1.17.0/googletest/src/gtest_main.cc
Note: Google Test filter = StoreTest.IsVersionBlockedInitially
[==========] Running 1 test from 1 test suite.
[----------] Global test environment set-up.
[----------] 1 test from StoreTest
[ RUN      ] StoreTest.IsVersionBlockedInitially
[       OK ] StoreTest.IsVersionBlockedInitially (11 ms)
[----------] 1 test from StoreTest (11 ms total)

[----------] Global test environment tear-down
[==========] 1 test from 1 test suite ran. (11 ms total)
[  PASSED  ] 1 test.
<end of output>
Test time =   0.02 sec
----------------------------------------------------------
Test Passed.
"StoreTest.IsVersionBlockedInitially" end time: Jun 28 16:10 AUS Eastern Standard Time
"StoreTest.IsVersionBlockedInitially" time elapsed: 00:00:00
----------------------------------------------------------

27/43 Testing: StoreTest.BlockAndUnblockVersion
27/43 Test: StoreTest.BlockAndUnblockVersion
Command: "C:/Users/ewen/Documents/GitHub/Air-Gapped Update Distribution System/build/airgapctl_test.exe" "--gtest_filter=StoreTest.BlockAndUnblockVersion" "--gtest_also_run_disabled_tests"
Directory: C:/Users/ewen/Documents/GitHub/Air-Gapped Update Distribution System/build
"StoreTest.BlockAndUnblockVersion" start time: Jun 28 16:10 AUS Eastern Standard Time
Output:
----------------------------------------------------------
Running main() from C:/M/B/src/googletest-1.17.0/googletest/src/gtest_main.cc
Note: Google Test filter = StoreTest.BlockAndUnblockVersion
[==========] Running 1 test from 1 test suite.
[----------] Global test environment set-up.
[----------] 1 test from StoreTest
[ RUN      ] StoreTest.BlockAndUnblockVersion
[       OK ] StoreTest.BlockAndUnblockVersion (17 ms)
[----------] 1 test from StoreTest (17 ms total)

[----------] Global test environment tear-down
[==========] 1 test from 1 test suite ran. (17 ms total)
[  PASSED  ] 1 test.
<end of output>
Test time =   0.03 sec
----------------------------------------------------------
Test Passed.
"StoreTest.BlockAndUnblockVersion" end time: Jun 28 16:10 AUS Eastern Standard Time
"StoreTest.BlockAndUnblockVersion" time elapsed: 00:00:00
----------------------------------------------------------

28/43 Testing: StoreTest.ListBlockedVersions
28/43 Test: StoreTest.ListBlockedVersions
Command: "C:/Users/ewen/Documents/GitHub/Air-Gapped Update Distribution System/build/airgapctl_test.exe" "--gtest_filter=StoreTest.ListBlockedVersions" "--gtest_also_run_disabled_tests"
Directory: C:/Users/ewen/Documents/GitHub/Air-Gapped Update Distribution System/build
"StoreTest.ListBlockedVersions" start time: Jun 28 16:10 AUS Eastern Standard Time
Output:
----------------------------------------------------------
Running main() from C:/M/B/src/googletest-1.17.0/googletest/src/gtest_main.cc
Note: Google Test filter = StoreTest.ListBlockedVersions
[==========] Running 1 test from 1 test suite.
[----------] Global test environment set-up.
[----------] 1 test from StoreTest
[ RUN      ] StoreTest.ListBlockedVersions
[       OK ] StoreTest.ListBlockedVersions (17 ms)
[----------] 1 test from StoreTest (17 ms total)

[----------] Global test environment tear-down
[==========] 1 test from 1 test suite ran. (17 ms total)
[  PASSED  ] 1 test.
<end of output>
Test time =   0.03 sec
----------------------------------------------------------
Test Passed.
"StoreTest.ListBlockedVersions" end time: Jun 28 16:10 AUS Eastern Standard Time
"StoreTest.ListBlockedVersions" time elapsed: 00:00:00
----------------------------------------------------------

29/43 Testing: StoreTest.RollbackTransactionOnFailure
29/43 Test: StoreTest.RollbackTransactionOnFailure
Command: "C:/Users/ewen/Documents/GitHub/Air-Gapped Update Distribution System/build/airgapctl_test.exe" "--gtest_filter=StoreTest.RollbackTransactionOnFailure" "--gtest_also_run_disabled_tests"
Directory: C:/Users/ewen/Documents/GitHub/Air-Gapped Update Distribution System/build
"StoreTest.RollbackTransactionOnFailure" start time: Jun 28 16:10 AUS Eastern Standard Time
Output:
----------------------------------------------------------
Running main() from C:/M/B/src/googletest-1.17.0/googletest/src/gtest_main.cc
Note: Google Test filter = StoreTest.RollbackTransactionOnFailure
[==========] Running 1 test from 1 test suite.
[----------] Global test environment set-up.
[----------] 1 test from StoreTest
[ RUN      ] StoreTest.RollbackTransactionOnFailure
[       OK ] StoreTest.RollbackTransactionOnFailure (12 ms)
[----------] 1 test from StoreTest (12 ms total)

[----------] Global test environment tear-down
[==========] 1 test from 1 test suite ran. (12 ms total)
[  PASSED  ] 1 test.
<end of output>
Test time =   0.02 sec
----------------------------------------------------------
Test Passed.
"StoreTest.RollbackTransactionOnFailure" end time: Jun 28 16:10 AUS Eastern Standard Time
"StoreTest.RollbackTransactionOnFailure" time elapsed: 00:00:00
----------------------------------------------------------

30/43 Testing: StoreTest.CommitTransactionPersists
30/43 Test: StoreTest.CommitTransactionPersists
Command: "C:/Users/ewen/Documents/GitHub/Air-Gapped Update Distribution System/build/airgapctl_test.exe" "--gtest_filter=StoreTest.CommitTransactionPersists" "--gtest_also_run_disabled_tests"
Directory: C:/Users/ewen/Documents/GitHub/Air-Gapped Update Distribution System/build
"StoreTest.CommitTransactionPersists" start time: Jun 28 16:10 AUS Eastern Standard Time
Output:
----------------------------------------------------------
Running main() from C:/M/B/src/googletest-1.17.0/googletest/src/gtest_main.cc
Note: Google Test filter = StoreTest.CommitTransactionPersists
[==========] Running 1 test from 1 test suite.
[----------] Global test environment set-up.
[----------] 1 test from StoreTest
[ RUN      ] StoreTest.CommitTransactionPersists
[       OK ] StoreTest.CommitTransactionPersists (14 ms)
[----------] 1 test from StoreTest (14 ms total)

[----------] Global test environment tear-down
[==========] 1 test from 1 test suite ran. (14 ms total)
[  PASSED  ] 1 test.
<end of output>
Test time =   0.03 sec
----------------------------------------------------------
Test Passed.
"StoreTest.CommitTransactionPersists" end time: Jun 28 16:10 AUS Eastern Standard Time
"StoreTest.CommitTransactionPersists" time elapsed: 00:00:00
----------------------------------------------------------

31/43 Testing: CryptoTest.Sha256DataKnownValues
31/43 Test: CryptoTest.Sha256DataKnownValues
Command: "C:/Users/ewen/Documents/GitHub/Air-Gapped Update Distribution System/build/airgapctl_test.exe" "--gtest_filter=CryptoTest.Sha256DataKnownValues" "--gtest_also_run_disabled_tests"
Directory: C:/Users/ewen/Documents/GitHub/Air-Gapped Update Distribution System/build
"CryptoTest.Sha256DataKnownValues" start time: Jun 28 16:10 AUS Eastern Standard Time
Output:
----------------------------------------------------------
Running main() from C:/M/B/src/googletest-1.17.0/googletest/src/gtest_main.cc
Note: Google Test filter = CryptoTest.Sha256DataKnownValues
[==========] Running 1 test from 1 test suite.
[----------] Global test environment set-up.
[----------] 1 test from CryptoTest
[ RUN      ] CryptoTest.Sha256DataKnownValues
[       OK ] CryptoTest.Sha256DataKnownValues (1 ms)
[----------] 1 test from CryptoTest (1 ms total)

[----------] Global test environment tear-down
[==========] 1 test from 1 test suite ran. (1 ms total)
[  PASSED  ] 1 test.
<end of output>
Test time =   0.01 sec
----------------------------------------------------------
Test Passed.
"CryptoTest.Sha256DataKnownValues" end time: Jun 28 16:10 AUS Eastern Standard Time
"CryptoTest.Sha256DataKnownValues" time elapsed: 00:00:00
----------------------------------------------------------

32/43 Testing: CryptoTest.Sha256DataConsistency
32/43 Test: CryptoTest.Sha256DataConsistency
Command: "C:/Users/ewen/Documents/GitHub/Air-Gapped Update Distribution System/build/airgapctl_test.exe" "--gtest_filter=CryptoTest.Sha256DataConsistency" "--gtest_also_run_disabled_tests"
Directory: C:/Users/ewen/Documents/GitHub/Air-Gapped Update Distribution System/build
"CryptoTest.Sha256DataConsistency" start time: Jun 28 16:10 AUS Eastern Standard Time
Output:
----------------------------------------------------------
Running main() from C:/M/B/src/googletest-1.17.0/googletest/src/gtest_main.cc
Note: Google Test filter = CryptoTest.Sha256DataConsistency
[==========] Running 1 test from 1 test suite.
[----------] Global test environment set-up.
[----------] 1 test from CryptoTest
[ RUN      ] CryptoTest.Sha256DataConsistency
[       OK ] CryptoTest.Sha256DataConsistency (1 ms)
[----------] 1 test from CryptoTest (1 ms total)

[----------] Global test environment tear-down
[==========] 1 test from 1 test suite ran. (1 ms total)
[  PASSED  ] 1 test.
<end of output>
Test time =   0.01 sec
----------------------------------------------------------
Test Passed.
"CryptoTest.Sha256DataConsistency" end time: Jun 28 16:10 AUS Eastern Standard Time
"CryptoTest.Sha256DataConsistency" time elapsed: 00:00:00
----------------------------------------------------------

33/43 Testing: CryptoTest.Sha256File
33/43 Test: CryptoTest.Sha256File
Command: "C:/Users/ewen/Documents/GitHub/Air-Gapped Update Distribution System/build/airgapctl_test.exe" "--gtest_filter=CryptoTest.Sha256File" "--gtest_also_run_disabled_tests"
Directory: C:/Users/ewen/Documents/GitHub/Air-Gapped Update Distribution System/build
"CryptoTest.Sha256File" start time: Jun 28 16:10 AUS Eastern Standard Time
Output:
----------------------------------------------------------
Running main() from C:/M/B/src/googletest-1.17.0/googletest/src/gtest_main.cc
Note: Google Test filter = CryptoTest.Sha256File
[==========] Running 1 test from 1 test suite.
[----------] Global test environment set-up.
[----------] 1 test from CryptoTest
[ RUN      ] CryptoTest.Sha256File
[       OK ] CryptoTest.Sha256File (2 ms)
[----------] 1 test from CryptoTest (2 ms total)

[----------] Global test environment tear-down
[==========] 1 test from 1 test suite ran. (2 ms total)
[  PASSED  ] 1 test.
<end of output>
Test time =   0.01 sec
----------------------------------------------------------
Test Passed.
"CryptoTest.Sha256File" end time: Jun 28 16:10 AUS Eastern Standard Time
"CryptoTest.Sha256File" time elapsed: 00:00:00
----------------------------------------------------------

34/43 Testing: CryptoTest.Sha256FileNotFound
34/43 Test: CryptoTest.Sha256FileNotFound
Command: "C:/Users/ewen/Documents/GitHub/Air-Gapped Update Distribution System/build/airgapctl_test.exe" "--gtest_filter=CryptoTest.Sha256FileNotFound" "--gtest_also_run_disabled_tests"
Directory: C:/Users/ewen/Documents/GitHub/Air-Gapped Update Distribution System/build
"CryptoTest.Sha256FileNotFound" start time: Jun 28 16:10 AUS Eastern Standard Time
Output:
----------------------------------------------------------
Running main() from C:/M/B/src/googletest-1.17.0/googletest/src/gtest_main.cc
Note: Google Test filter = CryptoTest.Sha256FileNotFound
[==========] Running 1 test from 1 test suite.
[----------] Global test environment set-up.
[----------] 1 test from CryptoTest
[ RUN      ] CryptoTest.Sha256FileNotFound
[       OK ] CryptoTest.Sha256FileNotFound (0 ms)
[----------] 1 test from CryptoTest (0 ms total)

[----------] Global test environment tear-down
[==========] 1 test from 1 test suite ran. (0 ms total)
[  PASSED  ] 1 test.
<end of output>
Test time =   0.01 sec
----------------------------------------------------------
Test Passed.
"CryptoTest.Sha256FileNotFound" end time: Jun 28 16:10 AUS Eastern Standard Time
"CryptoTest.Sha256FileNotFound" time elapsed: 00:00:00
----------------------------------------------------------

35/43 Testing: CryptoTest.KeygenSignVerify
35/43 Test: CryptoTest.KeygenSignVerify
Command: "C:/Users/ewen/Documents/GitHub/Air-Gapped Update Distribution System/build/airgapctl_test.exe" "--gtest_filter=CryptoTest.KeygenSignVerify" "--gtest_also_run_disabled_tests"
Directory: C:/Users/ewen/Documents/GitHub/Air-Gapped Update Distribution System/build
"CryptoTest.KeygenSignVerify" start time: Jun 28 16:10 AUS Eastern Standard Time
Output:
----------------------------------------------------------
Running main() from C:/M/B/src/googletest-1.17.0/googletest/src/gtest_main.cc
Note: Google Test filter = CryptoTest.KeygenSignVerify
[==========] Running 1 test from 1 test suite.
[----------] Global test environment set-up.
[----------] 1 test from CryptoTest
[ RUN      ] CryptoTest.KeygenSignVerify
[32mGenerated key pair:[0m
  Private: [36mC:\Users\ewen\AppData\Local\Temp\airgapctl_crypto_test\test.key[0m
  Public:  [36mC:\Users\ewen\AppData\Local\Temp\airgapctl_crypto_test\test.key.pub[0m
[32mSignature:[0m C:\Users\ewen\AppData\Local\Temp\airgapctl_crypto_test\data.bin.sig
error: cannot read C:\Users\ewen\AppData\Local\Temp\airgapctl_crypto_test\data.bin.sig.nonexistent
[       OK ] CryptoTest.KeygenSignVerify (14 ms)
[----------] 1 test from CryptoTest (14 ms total)

[----------] Global test environment tear-down
[==========] 1 test from 1 test suite ran. (14 ms total)
[  PASSED  ] 1 test.
<end of output>
Test time =   0.03 sec
----------------------------------------------------------
Test Passed.
"CryptoTest.KeygenSignVerify" end time: Jun 28 16:10 AUS Eastern Standard Time
"CryptoTest.KeygenSignVerify" time elapsed: 00:00:00
----------------------------------------------------------

36/43 Testing: CryptoTest.VerifyTamperedFile
36/43 Test: CryptoTest.VerifyTamperedFile
Command: "C:/Users/ewen/Documents/GitHub/Air-Gapped Update Distribution System/build/airgapctl_test.exe" "--gtest_filter=CryptoTest.VerifyTamperedFile" "--gtest_also_run_disabled_tests"
Directory: C:/Users/ewen/Documents/GitHub/Air-Gapped Update Distribution System/build
"CryptoTest.VerifyTamperedFile" start time: Jun 28 16:10 AUS Eastern Standard Time
Output:
----------------------------------------------------------
Running main() from C:/M/B/src/googletest-1.17.0/googletest/src/gtest_main.cc
Note: Google Test filter = CryptoTest.VerifyTamperedFile
[==========] Running 1 test from 1 test suite.
[----------] Global test environment set-up.
[----------] 1 test from CryptoTest
[ RUN      ] CryptoTest.VerifyTamperedFile
[32mGenerated key pair:[0m
  Private: [36mC:\Users\ewen\AppData\Local\Temp\airgapctl_crypto_test\tamper.key[0m
  Public:  [36mC:\Users\ewen\AppData\Local\Temp\airgapctl_crypto_test\tamper.key.pub[0m
[32mSignature:[0m C:\Users\ewen\AppData\Local\Temp\airgapctl_crypto_test\original.bin.sig
[       OK ] CryptoTest.VerifyTamperedFile (13 ms)
[----------] 1 test from CryptoTest (13 ms total)

[----------] Global test environment tear-down
[==========] 1 test from 1 test suite ran. (13 ms total)
[  PASSED  ] 1 test.
<end of output>
Test time =   0.03 sec
----------------------------------------------------------
Test Passed.
"CryptoTest.VerifyTamperedFile" end time: Jun 28 16:10 AUS Eastern Standard Time
"CryptoTest.VerifyTamperedFile" time elapsed: 00:00:00
----------------------------------------------------------

37/43 Testing: VersionTest.EqualVersions
37/43 Test: VersionTest.EqualVersions
Command: "C:/Users/ewen/Documents/GitHub/Air-Gapped Update Distribution System/build/airgapctl_test.exe" "--gtest_filter=VersionTest.EqualVersions" "--gtest_also_run_disabled_tests"
Directory: C:/Users/ewen/Documents/GitHub/Air-Gapped Update Distribution System/build
"VersionTest.EqualVersions" start time: Jun 28 16:10 AUS Eastern Standard Time
Output:
----------------------------------------------------------
Running main() from C:/M/B/src/googletest-1.17.0/googletest/src/gtest_main.cc
Note: Google Test filter = VersionTest.EqualVersions
[==========] Running 1 test from 1 test suite.
[----------] Global test environment set-up.
[----------] 1 test from VersionTest
[ RUN      ] VersionTest.EqualVersions
[       OK ] VersionTest.EqualVersions (0 ms)
[----------] 1 test from VersionTest (0 ms total)

[----------] Global test environment tear-down
[==========] 1 test from 1 test suite ran. (0 ms total)
[  PASSED  ] 1 test.
<end of output>
Test time =   0.01 sec
----------------------------------------------------------
Test Passed.
"VersionTest.EqualVersions" end time: Jun 28 16:10 AUS Eastern Standard Time
"VersionTest.EqualVersions" time elapsed: 00:00:00
----------------------------------------------------------

38/43 Testing: VersionTest.MajorVersionComparison
38/43 Test: VersionTest.MajorVersionComparison
Command: "C:/Users/ewen/Documents/GitHub/Air-Gapped Update Distribution System/build/airgapctl_test.exe" "--gtest_filter=VersionTest.MajorVersionComparison" "--gtest_also_run_disabled_tests"
Directory: C:/Users/ewen/Documents/GitHub/Air-Gapped Update Distribution System/build
"VersionTest.MajorVersionComparison" start time: Jun 28 16:10 AUS Eastern Standard Time
Output:
----------------------------------------------------------
Running main() from C:/M/B/src/googletest-1.17.0/googletest/src/gtest_main.cc
Note: Google Test filter = VersionTest.MajorVersionComparison
[==========] Running 1 test from 1 test suite.
[----------] Global test environment set-up.
[----------] 1 test from VersionTest
[ RUN      ] VersionTest.MajorVersionComparison
[       OK ] VersionTest.MajorVersionComparison (0 ms)
[----------] 1 test from VersionTest (0 ms total)

[----------] Global test environment tear-down
[==========] 1 test from 1 test suite ran. (0 ms total)
[  PASSED  ] 1 test.
<end of output>
Test time =   0.01 sec
----------------------------------------------------------
Test Passed.
"VersionTest.MajorVersionComparison" end time: Jun 28 16:10 AUS Eastern Standard Time
"VersionTest.MajorVersionComparison" time elapsed: 00:00:00
----------------------------------------------------------

39/43 Testing: VersionTest.MinorVersionComparison
39/43 Test: VersionTest.MinorVersionComparison
Command: "C:/Users/ewen/Documents/GitHub/Air-Gapped Update Distribution System/build/airgapctl_test.exe" "--gtest_filter=VersionTest.MinorVersionComparison" "--gtest_also_run_disabled_tests"
Directory: C:/Users/ewen/Documents/GitHub/Air-Gapped Update Distribution System/build
"VersionTest.MinorVersionComparison" start time: Jun 28 16:10 AUS Eastern Standard Time
Output:
----------------------------------------------------------
Running main() from C:/M/B/src/googletest-1.17.0/googletest/src/gtest_main.cc
Note: Google Test filter = VersionTest.MinorVersionComparison
[==========] Running 1 test from 1 test suite.
[----------] Global test environment set-up.
[----------] 1 test from VersionTest
[ RUN      ] VersionTest.MinorVersionComparison
[       OK ] VersionTest.MinorVersionComparison (0 ms)
[----------] 1 test from VersionTest (0 ms total)

[----------] Global test environment tear-down
[==========] 1 test from 1 test suite ran. (0 ms total)
[  PASSED  ] 1 test.
<end of output>
Test time =   0.01 sec
----------------------------------------------------------
Test Passed.
"VersionTest.MinorVersionComparison" end time: Jun 28 16:10 AUS Eastern Standard Time
"VersionTest.MinorVersionComparison" time elapsed: 00:00:00
----------------------------------------------------------

40/43 Testing: VersionTest.PatchVersionComparison
40/43 Test: VersionTest.PatchVersionComparison
Command: "C:/Users/ewen/Documents/GitHub/Air-Gapped Update Distribution System/build/airgapctl_test.exe" "--gtest_filter=VersionTest.PatchVersionComparison" "--gtest_also_run_disabled_tests"
Directory: C:/Users/ewen/Documents/GitHub/Air-Gapped Update Distribution System/build
"VersionTest.PatchVersionComparison" start time: Jun 28 16:10 AUS Eastern Standard Time
Output:
----------------------------------------------------------
Running main() from C:/M/B/src/googletest-1.17.0/googletest/src/gtest_main.cc
Note: Google Test filter = VersionTest.PatchVersionComparison
[==========] Running 1 test from 1 test suite.
[----------] Global test environment set-up.
[----------] 1 test from VersionTest
[ RUN      ] VersionTest.PatchVersionComparison
[       OK ] VersionTest.PatchVersionComparison (0 ms)
[----------] 1 test from VersionTest (0 ms total)

[----------] Global test environment tear-down
[==========] 1 test from 1 test suite ran. (0 ms total)
[  PASSED  ] 1 test.
<end of output>
Test time =   0.01 sec
----------------------------------------------------------
Test Passed.
"VersionTest.PatchVersionComparison" end time: Jun 28 16:10 AUS Eastern Standard Time
"VersionTest.PatchVersionComparison" time elapsed: 00:00:00
----------------------------------------------------------

41/43 Testing: VersionTest.MultiDigitVersions
41/43 Test: VersionTest.MultiDigitVersions
Command: "C:/Users/ewen/Documents/GitHub/Air-Gapped Update Distribution System/build/airgapctl_test.exe" "--gtest_filter=VersionTest.MultiDigitVersions" "--gtest_also_run_disabled_tests"
Directory: C:/Users/ewen/Documents/GitHub/Air-Gapped Update Distribution System/build
"VersionTest.MultiDigitVersions" start time: Jun 28 16:10 AUS Eastern Standard Time
Output:
----------------------------------------------------------
Running main() from C:/M/B/src/googletest-1.17.0/googletest/src/gtest_main.cc
Note: Google Test filter = VersionTest.MultiDigitVersions
[==========] Running 1 test from 1 test suite.
[----------] Global test environment set-up.
[----------] 1 test from VersionTest
[ RUN      ] VersionTest.MultiDigitVersions
[       OK ] VersionTest.MultiDigitVersions (0 ms)
[----------] 1 test from VersionTest (0 ms total)

[----------] Global test environment tear-down
[==========] 1 test from 1 test suite ran. (0 ms total)
[  PASSED  ] 1 test.
<end of output>
Test time =   0.01 sec
----------------------------------------------------------
Test Passed.
"VersionTest.MultiDigitVersions" end time: Jun 28 16:10 AUS Eastern Standard Time
"VersionTest.MultiDigitVersions" time elapsed: 00:00:00
----------------------------------------------------------

42/43 Testing: VersionTest.EmptyVersion
42/43 Test: VersionTest.EmptyVersion
Command: "C:/Users/ewen/Documents/GitHub/Air-Gapped Update Distribution System/build/airgapctl_test.exe" "--gtest_filter=VersionTest.EmptyVersion" "--gtest_also_run_disabled_tests"
Directory: C:/Users/ewen/Documents/GitHub/Air-Gapped Update Distribution System/build
"VersionTest.EmptyVersion" start time: Jun 28 16:10 AUS Eastern Standard Time
Output:
----------------------------------------------------------
Running main() from C:/M/B/src/googletest-1.17.0/googletest/src/gtest_main.cc
Note: Google Test filter = VersionTest.EmptyVersion
[==========] Running 1 test from 1 test suite.
[----------] Global test environment set-up.
[----------] 1 test from VersionTest
[ RUN      ] VersionTest.EmptyVersion
[       OK ] VersionTest.EmptyVersion (0 ms)
[----------] 1 test from VersionTest (0 ms total)

[----------] Global test environment tear-down
[==========] 1 test from 1 test suite ran. (0 ms total)
[  PASSED  ] 1 test.
<end of output>
Test time =   0.01 sec
----------------------------------------------------------
Test Passed.
"VersionTest.EmptyVersion" end time: Jun 28 16:10 AUS Eastern Standard Time
"VersionTest.EmptyVersion" time elapsed: 00:00:00
----------------------------------------------------------

43/43 Testing: Iso8601Test.ReturnsValidFormat
43/43 Test: Iso8601Test.ReturnsValidFormat
Command: "C:/Users/ewen/Documents/GitHub/Air-Gapped Update Distribution System/build/airgapctl_test.exe" "--gtest_filter=Iso8601Test.ReturnsValidFormat" "--gtest_also_run_disabled_tests"
Directory: C:/Users/ewen/Documents/GitHub/Air-Gapped Update Distribution System/build
"Iso8601Test.ReturnsValidFormat" start time: Jun 28 16:10 AUS Eastern Standard Time
Output:
----------------------------------------------------------
Running main() from C:/M/B/src/googletest-1.17.0/googletest/src/gtest_main.cc
Note: Google Test filter = Iso8601Test.ReturnsValidFormat
[==========] Running 1 test from 1 test suite.
[----------] Global test environment set-up.
[----------] 1 test from Iso8601Test
[ RUN      ] Iso8601Test.ReturnsValidFormat
[       OK ] Iso8601Test.ReturnsValidFormat (0 ms)
[----------] 1 test from Iso8601Test (0 ms total)

[----------] Global test environment tear-down
[==========] 1 test from 1 test suite ran. (0 ms total)
[  PASSED  ] 1 test.
<end of output>
Test time =   0.01 sec
----------------------------------------------------------
Test Passed.
"Iso8601Test.ReturnsValidFormat" end time: Jun 28 16:10 AUS Eastern Standard Time
"Iso8601Test.ReturnsValidFormat" time elapsed: 00:00:00
----------------------------------------------------------

End testing: Jun 28 16:10 AUS Eastern Standard Time
